# JRE version: OpenJDK Runtime Environment (8.0_252-b09) (build 1.8.0_252-8u252-b09-1~18.04-b09)
# Java VM: OpenJDK 64-Bit Server VM (25.252-b09 mixed mode linux-amd64 compressed oops)
Heap:
 PSYoungGen      total 139264K, used 126117K [0x00000000eab00000, 0x00000000f3d00000, 0x0000000100000000)
  eden space 129024K, 97% used [0x00000000eab00000,0x00000000f26296e8,0x00000000f2900000)
  from space 10240K, 0% used [0x00000000f3300000,0x00000000f3300000,0x00000000f3d00000)
  to   space 10240K, 0% used [0x00000000f2900000,0x00000000f2900000,0x00000000f3300000)
 ParOldGen       total 89088K, used 4488K [0x00000000c0000000, 0x00000000c5700000, 0x00000000eab00000)
  object space 89088K, 5% used [0x00000000c0000000,0x00000000c0462258,0x00000000c5700000)
 Metaspace       used 31194K, capacity 31372K, committed 31616K, reserved 1077248K
  class space    used 4364K, capacity 4436K, committed 4480K, reserved 1048576K
GC Heap History (10 events):
Event: 0.605 GC heap before
{Heap before GC invocations=1 (full 0):
 PSYoungGen      total 74752K, used 64512K [0x00000000eab00000, 0x00000000efe00000, 0x0000000100000000)
  eden space 64512K, 100% used [0x00000000eab00000,0x00000000eea00000,0x00000000eea00000)
  from space 10240K, 0% used [0x00000000ef400000,0x00000000ef400000,0x00000000efe00000)
  to   space 10240K, 0% used [0x00000000eea00000,0x00000000eea00000,0x00000000ef400000)
 ParOldGen       total 171008K, used 0K [0x00000000c0000000, 0x00000000ca700000, 0x00000000eab00000)
  object space 171008K, 0% used [0x00000000c0000000,0x00000000c0000000,0x00000000ca700000)
 Metaspace       used 9941K, capacity 10052K, committed 10112K, reserved 1058816K
  class space    used 1382K, capacity 1392K, committed 1408K, reserved 1048576K
Event: 0.611 GC heap after
Heap after GC invocations=1 (full 0):
 PSYoungGen      total 74752K, used 6792K [0x00000000eab00000, 0x00000000efe00000, 0x0000000100000000)
  eden space 64512K, 0% used [0x00000000eab00000,0x00000000eab00000,0x00000000eea00000)
  from space 10240K, 66% used [0x00000000eea00000,0x00000000ef0a2390,0x00000000ef400000)
  to   space 10240K, 0% used [0x00000000ef400000,0x00000000ef400000,0x00000000efe00000)
 ParOldGen       total 171008K, used 8K [0x00000000c0000000, 0x00000000ca700000, 0x00000000eab00000)
  object space 171008K, 0% used [0x00000000c0000000,0x00000000c0002000,0x00000000ca700000)
 Metaspace       used 9941K, capacity 10052K, committed 10112K, reserved 1058816K
  class space    used 1382K, capacity 1392K, committed 1408K, reserved 1048576K
}
Event: 1.190 GC heap before
{Heap before GC invocations=2 (full 0):
 PSYoungGen      total 74752K, used 71304K [0x00000000eab00000, 0x00000000efe00000, 0x0000000100000000)
  eden space 64512K, 100% used [0x00000000eab00000,0x00000000eea00000,0x00000000eea00000)
  from space 10240K, 66% used [0x00000000eea00000,0x00000000ef0a2390,0x00000000ef400000)
  to   space 10240K, 0% used [0x00000000ef400000,0x00000000ef400000,0x00000000efe00000)
 ParOldGen       total 171008K, used 8K [0x00000000c0000000, 0x00000000ca700000, 0x00000000eab00000)
  object space 171008K, 0% used [0x00000000c0000000,0x00000000c0002000,0x00000000ca700000)
 Metaspace       used 16244K, capacity 16452K, committed 16768K, reserved 1062912K
  class space    used 2296K, capacity 2372K, committed 2432K, reserved 1048576K
Event: 1.198 GC heap after
Heap after GC invocations=2 (full 0):
 PSYoungGen      total 74752K, used 7219K [0x00000000eab00000, 0x00000000f3d00000, 0x0000000100000000)
  eden space 64512K, 0% used [0x00000000eab00000,0x00000000eab00000,0x00000000eea00000)
  from space 10240K, 70% used [0x00000000ef400000,0x00000000efb0cc38,0x00000000efe00000)
  to   space 10240K, 0% used [0x00000000eea00000,0x00000000eea00000,0x00000000ef400000)
 ParOldGen       total 171008K, used 88K [0x00000000c0000000, 0x00000000ca700000, 0x00000000eab00000)
  object space 171008K, 0% used [0x00000000c0000000,0x00000000c0016028,0x00000000ca700000)
 Metaspace       used 16244K, capacity 16452K, committed 16768K, reserved 1062912K
  class space    used 2296K, capacity 2372K, committed 2432K, reserved 1048576K
}
Event: 1.765 GC heap before
{Heap before GC invocations=3 (full 0):
 PSYoungGen      total 74752K, used 71731K [0x00000000eab00000, 0x00000000f3d00000, 0x0000000100000000)
  eden space 64512K, 100% used [0x00000000eab00000,0x00000000eea00000,0x00000000eea00000)
  from space 10240K, 70% used [0x00000000ef400000,0x00000000efb0cc38,0x00000000efe00000)
  to   space 10240K, 0% used [0x00000000eea00000,0x00000000eea00000,0x00000000ef400000)
 ParOldGen       total 171008K, used 88K [0x00000000c0000000, 0x00000000ca700000, 0x00000000eab00000)
  object space 171008K, 0% used [0x00000000c0000000,0x00000000c0016028,0x00000000ca700000)
 Metaspace       used 20521K, capacity 20694K, committed 20992K, reserved 1067008K
  class space    used 2888K, capacity 2951K, committed 3072K, reserved 1048576K
Event: 1.771 GC heap after
Heap after GC invocations=3 (full 0):
 PSYoungGen      total 74752K, used 7493K [0x00000000eab00000, 0x00000000f3d00000, 0x0000000100000000)
  eden space 64512K, 0% used [0x00000000eab00000,0x00000000eab00000,0x00000000eea00000)
  from space 10240K, 73% used [0x00000000eea00000,0x00000000ef151758,0x00000000ef400000)
  to   space 10240K, 0% used [0x00000000f3300000,0x00000000f3300000,0x00000000f3d00000)
 ParOldGen       total 171008K, used 96K [0x00000000c0000000, 0x00000000ca700000, 0x00000000eab00000)
  object space 171008K, 0% used [0x00000000c0000000,0x00000000c0018028,0x00000000ca700000)
 Metaspace       used 20521K, capacity 20694K, committed 20992K, reserved 1067008K
  class space    used 2888K, capacity 2951K, committed 3072K, reserved 1048576K
}
Event: 1.814 GC heap before
{Heap before GC invocations=4 (full 0):
 PSYoungGen      total 74752K, used 16728K [0x00000000eab00000, 0x00000000f3d00000, 0x0000000100000000)
  eden space 64512K, 14% used [0x00000000eab00000,0x00000000eb4048f8,0x00000000eea00000)
  from space 10240K, 73% used [0x00000000eea00000,0x00000000ef151758,0x00000000ef400000)
  to   space 10240K, 0% used [0x00000000f3300000,0x00000000f3300000,0x00000000f3d00000)
 ParOldGen       total 171008K, used 96K [0x00000000c0000000, 0x00000000ca700000, 0x00000000eab00000)
  object space 171008K, 0% used [0x00000000c0000000,0x00000000c0018028,0x00000000ca700000)
 Metaspace       used 20955K, capacity 21110K, committed 21248K, reserved 1067008K
  class space    used 2971K, capacity 3047K, committed 3072K, reserved 1048576K
Event: 1.819 GC heap after
Heap after GC invocations=4 (full 0):
 PSYoungGen      total 139264K, used 4547K [0x00000000eab00000, 0x00000000f3d00000, 0x0000000100000000)
  eden space 129024K, 0% used [0x00000000eab00000,0x00000000eab00000,0x00000000f2900000)
  from space 10240K, 44% used [0x00000000f3300000,0x00000000f3770f68,0x00000000f3d00000)
  to   space 10240K, 0% used [0x00000000f2900000,0x00000000f2900000,0x00000000f3300000)
 ParOldGen       total 171008K, used 104K [0x00000000c0000000, 0x00000000ca700000, 0x00000000eab00000)
  object space 171008K, 0% used [0x00000000c0000000,0x00000000c001a028,0x00000000ca700000)
 Metaspace       used 20955K, capacity 21110K, committed 21248K, reserved 1067008K
  class space    used 2971K, capacity 3047K, committed 3072K, reserved 1048576K
}
Event: 1.819 GC heap before
{Heap before GC invocations=5 (full 1):
 PSYoungGen      total 139264K, used 4547K [0x00000000eab00000, 0x00000000f3d00000, 0x0000000100000000)
  eden space 129024K, 0% used [0x00000000eab00000,0x00000000eab00000,0x00000000f2900000)
  from space 10240K, 44% used [0x00000000f3300000,0x00000000f3770f68,0x00000000f3d00000)
  to   space 10240K, 0% used [0x00000000f2900000,0x00000000f2900000,0x00000000f3300000)
 ParOldGen       total 171008K, used 104K [0x00000000c0000000, 0x00000000ca700000, 0x00000000eab00000)
  object space 171008K, 0% used [0x00000000c0000000,0x00000000c001a028,0x00000000ca700000)
 Metaspace       used 20955K, capacity 21110K, committed 21248K, reserved 1067008K
  class space    used 2971K, capacity 3047K, committed 3072K, reserved 1048576K
Event: 1.849 GC heap after
Heap after GC invocations=5 (full 1):
 PSYoungGen      total 139264K, used 0K [0x00000000eab00000, 0x00000000f3d00000, 0x0000000100000000)
  eden space 129024K, 0% used [0x00000000eab00000,0x00000000eab00000,0x00000000f2900000)
  from space 10240K, 0% used [0x00000000f3300000,0x00000000f3300000,0x00000000f3d00000)
  to   space 10240K, 0% used [0x00000000f2900000,0x00000000f2900000,0x00000000f3300000)
 ParOldGen       total 89088K, used 4488K [0x00000000c0000000, 0x00000000c5700000, 0x00000000eab00000)
  object space 89088K, 5% used [0x00000000c0000000,0x00000000c0462258,0x00000000c5700000)
 Metaspace       used 20955K, capacity 21110K, committed 21248K, reserved 1067008K
  class space    used 2971K, capacity 3047K, committed 3072K, reserved 1048576K
}

