# JRE version: OpenJDK Runtime Environment (8.0_252-b09) (build 1.8.0_252-8u252-b09-1~18.04-b09)
# Java VM: OpenJDK 64-Bit Server VM (25.252-b09 mixed mode linux-amd64 compressed oops)
Heap:
 PSYoungGen      total 139264K, used 83443K [0x00000000eab00000, 0x00000000f3d00000, 0x0000000100000000)
  eden space 129024K, 64% used [0x00000000eab00000,0x00000000efc7ceb0,0x00000000f2900000)
  from space 10240K, 0% used [0x00000000f3300000,0x00000000f3300000,0x00000000f3d00000)
  to   space 10240K, 0% used [0x00000000f2900000,0x00000000f2900000,0x00000000f3300000)
 ParOldGen       total 84992K, used 4485K [0x00000000c0000000, 0x00000000c5300000, 0x00000000eab00000)
  object space 84992K, 5% used [0x00000000c0000000,0x00000000c0461518,0x00000000c5300000)
 Metaspace       used 28743K, capacity 28970K, committed 29312K, reserved 1075200K
  class space    used 4054K, capacity 4147K, committed 4224K, reserved 1048576K
GC Heap History (10 events):
Event: 0.563 GC heap before
{Heap before GC invocations=1 (full 0):
 PSYoungGen      total 74752K, used 64512K [0x00000000eab00000, 0x00000000efe00000, 0x0000000100000000)
  eden space 64512K, 100% used [0x00000000eab00000,0x00000000eea00000,0x00000000eea00000)
  from space 10240K, 0% used [0x00000000ef400000,0x00000000ef400000,0x00000000efe00000)
  to   space 10240K, 0% used [0x00000000eea00000,0x00000000eea00000,0x00000000ef400000)
 ParOldGen       total 171008K, used 0K [0x00000000c0000000, 0x00000000ca700000, 0x00000000eab00000)
  object space 171008K, 0% used [0x00000000c0000000,0x00000000c0000000,0x00000000ca700000)
 Metaspace       used 9946K, capacity 10052K, committed 10112K, reserved 1058816K
  class space    used 1382K, capacity 1392K, committed 1408K, reserved 1048576K
Event: 0.568 GC heap after
Heap after GC invocations=1 (full 0):
 PSYoungGen      total 74752K, used 6760K [0x00000000eab00000, 0x00000000efe00000, 0x0000000100000000)
  eden space 64512K, 0% used [0x00000000eab00000,0x00000000eab00000,0x00000000eea00000)
  from space 10240K, 66% used [0x00000000eea00000,0x00000000ef09a390,0x00000000ef400000)
  to   space 10240K, 0% used [0x00000000ef400000,0x00000000ef400000,0x00000000efe00000)
 ParOldGen       total 171008K, used 8K [0x00000000c0000000, 0x00000000ca700000, 0x00000000eab00000)
  object space 171008K, 0% used [0x00000000c0000000,0x00000000c0002000,0x00000000ca700000)
 Metaspace       used 9946K, capacity 10052K, committed 10112K, reserved 1058816K
  class space    used 1382K, capacity 1392K, committed 1408K, reserved 1048576K
}
Event: 1.100 GC heap before
{Heap before GC invocations=2 (full 0):
 PSYoungGen      total 74752K, used 71272K [0x00000000eab00000, 0x00000000efe00000, 0x0000000100000000)
  eden space 64512K, 100% used [0x00000000eab00000,0x00000000eea00000,0x00000000eea00000)
  from space 10240K, 66% used [0x00000000eea00000,0x00000000ef09a390,0x00000000ef400000)
  to   space 10240K, 0% used [0x00000000ef400000,0x00000000ef400000,0x00000000efe00000)
 ParOldGen       total 171008K, used 8K [0x00000000c0000000, 0x00000000ca700000, 0x00000000eab00000)
  object space 171008K, 0% used [0x00000000c0000000,0x00000000c0002000,0x00000000ca700000)
 Metaspace       used 16257K, capacity 16452K, committed 16768K, reserved 1062912K
  class space    used 2296K, capacity 2372K, committed 2432K, reserved 1048576K
Event: 1.108 GC heap after
Heap after GC invocations=2 (full 0):
 PSYoungGen      total 74752K, used 7258K [0x00000000eab00000, 0x00000000f3d00000, 0x0000000100000000)
  eden space 64512K, 0% used [0x00000000eab00000,0x00000000eab00000,0x00000000eea00000)
  from space 10240K, 70% used [0x00000000ef400000,0x00000000efb16ab0,0x00000000efe00000)
  to   space 10240K, 0% used [0x00000000eea00000,0x00000000eea00000,0x00000000ef400000)
 ParOldGen       total 171008K, used 24K [0x00000000c0000000, 0x00000000ca700000, 0x00000000eab00000)
  object space 171008K, 0% used [0x00000000c0000000,0x00000000c0006018,0x00000000ca700000)
 Metaspace       used 16257K, capacity 16452K, committed 16768K, reserved 1062912K
  class space    used 2296K, capacity 2372K, committed 2432K, reserved 1048576K
}
Event: 1.736 GC heap before
{Heap before GC invocations=3 (full 0):
 PSYoungGen      total 74752K, used 71770K [0x00000000eab00000, 0x00000000f3d00000, 0x0000000100000000)
  eden space 64512K, 100% used [0x00000000eab00000,0x00000000eea00000,0x00000000eea00000)
  from space 10240K, 70% used [0x00000000ef400000,0x00000000efb16ab0,0x00000000efe00000)
  to   space 10240K, 0% used [0x00000000eea00000,0x00000000eea00000,0x00000000ef400000)
 ParOldGen       total 171008K, used 24K [0x00000000c0000000, 0x00000000ca700000, 0x00000000eab00000)
  object space 171008K, 0% used [0x00000000c0000000,0x00000000c0006018,0x00000000ca700000)
 Metaspace       used 20530K, capacity 20694K, committed 20992K, reserved 1067008K
  class space    used 2888K, capacity 2951K, committed 3072K, reserved 1048576K
Event: 1.742 GC heap after
Heap after GC invocations=3 (full 0):
 PSYoungGen      total 74752K, used 7497K [0x00000000eab00000, 0x00000000f3d00000, 0x0000000100000000)
  eden space 64512K, 0% used [0x00000000eab00000,0x00000000eab00000,0x00000000eea00000)
  from space 10240K, 73% used [0x00000000eea00000,0x00000000ef152680,0x00000000ef400000)
  to   space 10240K, 0% used [0x00000000f3300000,0x00000000f3300000,0x00000000f3d00000)
 ParOldGen       total 171008K, used 96K [0x00000000c0000000, 0x00000000ca700000, 0x00000000eab00000)
  object space 171008K, 0% used [0x00000000c0000000,0x00000000c0018028,0x00000000ca700000)
 Metaspace       used 20530K, capacity 20694K, committed 20992K, reserved 1067008K
  class space    used 2888K, capacity 2951K, committed 3072K, reserved 1048576K
}
Event: 1.773 GC heap before
{Heap before GC invocations=4 (full 0):
 PSYoungGen      total 74752K, used 16676K [0x00000000eab00000, 0x00000000f3d00000, 0x0000000100000000)
  eden space 64512K, 14% used [0x00000000eab00000,0x00000000eb3f6d10,0x00000000eea00000)
  from space 10240K, 73% used [0x00000000eea00000,0x00000000ef152680,0x00000000ef400000)
  to   space 10240K, 0% used [0x00000000f3300000,0x00000000f3300000,0x00000000f3d00000)
 ParOldGen       total 171008K, used 96K [0x00000000c0000000, 0x00000000ca700000, 0x00000000eab00000)
  object space 171008K, 0% used [0x00000000c0000000,0x00000000c0018028,0x00000000ca700000)
 Metaspace       used 20967K, capacity 21110K, committed 21248K, reserved 1067008K
  class space    used 2972K, capacity 3047K, committed 3072K, reserved 1048576K
Event: 1.779 GC heap after
Heap after GC invocations=4 (full 0):
 PSYoungGen      total 139264K, used 4547K [0x00000000eab00000, 0x00000000f3d00000, 0x0000000100000000)
  eden space 129024K, 0% used [0x00000000eab00000,0x00000000eab00000,0x00000000f2900000)
  from space 10240K, 44% used [0x00000000f3300000,0x00000000f3770f48,0x00000000f3d00000)
  to   space 10240K, 0% used [0x00000000f2900000,0x00000000f2900000,0x00000000f3300000)
 ParOldGen       total 171008K, used 104K [0x00000000c0000000, 0x00000000ca700000, 0x00000000eab00000)
  object space 171008K, 0% used [0x00000000c0000000,0x00000000c001a028,0x00000000ca700000)
 Metaspace       used 20967K, capacity 21110K, committed 21248K, reserved 1067008K
  class space    used 2972K, capacity 3047K, committed 3072K, reserved 1048576K
}
Event: 1.779 GC heap before
{Heap before GC invocations=5 (full 1):
 PSYoungGen      total 139264K, used 4547K [0x00000000eab00000, 0x00000000f3d00000, 0x0000000100000000)
  eden space 129024K, 0% used [0x00000000eab00000,0x00000000eab00000,0x00000000f2900000)
  from space 10240K, 44% used [0x00000000f3300000,0x00000000f3770f48,0x00000000f3d00000)
  to   space 10240K, 0% used [0x00000000f2900000,0x00000000f2900000,0x00000000f3300000)
 ParOldGen       total 171008K, used 104K [0x00000000c0000000, 0x00000000ca700000, 0x00000000eab00000)
  object space 171008K, 0% used [0x00000000c0000000,0x00000000c001a028,0x00000000ca700000)
 Metaspace       used 20967K, capacity 21110K, committed 21248K, reserved 1067008K
  class space    used 2972K, capacity 3047K, committed 3072K, reserved 1048576K
Event: 1.807 GC heap after
Heap after GC invocations=5 (full 1):
 PSYoungGen      total 139264K, used 0K [0x00000000eab00000, 0x00000000f3d00000, 0x0000000100000000)
  eden space 129024K, 0% used [0x00000000eab00000,0x00000000eab00000,0x00000000f2900000)
  from space 10240K, 0% used [0x00000000f3300000,0x00000000f3300000,0x00000000f3d00000)
  to   space 10240K, 0% used [0x00000000f2900000,0x00000000f2900000,0x00000000f3300000)
 ParOldGen       total 84992K, used 4485K [0x00000000c0000000, 0x00000000c5300000, 0x00000000eab00000)
  object space 84992K, 5% used [0x00000000c0000000,0x00000000c0461518,0x00000000c5300000)
 Metaspace       used 20967K, capacity 21110K, committed 21248K, reserved 1067008K
  class space    used 2972K, capacity 3047K, committed 3072K, reserved 1048576K
}

